This file contains any messages produced by compilers while
running configure, to aid debugging if configure makes a mistake.

It was created by ICU configure 73.1, which was
generated by GNU Autoconf 2.69.  Invocation command line was

  $ /Users/matthewbenedict/Documents/git/CyberKit/Source/WTF/icu/unicode//configure --enable-debug

## --------- ##
## Platform. ##
## --------- ##

hostname = MatthewnoMacBook-Pro.local
uname -m = x86_64
uname -r = 22.4.0
uname -s = Darwin
uname -v = Darwin Kernel Version 22.4.0: Mon Mar  6 21:00:17 PST 2023; root:xnu-8796.101.5~3/RELEASE_X86_64

/usr/bin/uname -p = i386
/bin/uname -X     = unknown

/bin/arch              = unknown
/usr/bin/arch -k       = unknown
/usr/convex/getsysinfo = unknown
/usr/bin/hostinfo      = Mach kernel version:
	 Darwin Kernel Version 22.4.0: Mon Mar  6 21:00:17 PST 2023; root:xnu-8796.101.5~3/RELEASE_X86_64
Kernel configured for up to 8 processors.
4 processors are physically available.
8 processors are logically available.
Processor type: x86_64h (Intel x86-64h Haswell)
Processors active: 0 1 2 3 4 5 6 7
Primary memory available: 16.00 gigabytes
Default processor set: 568 tasks, 2201 threads, 8 processors
Load average: 5.86, Mach factor: 2.67
/bin/machine           = unknown
/usr/bin/oslevel       = unknown
/bin/universe          = unknown

PATH: /Applications/Xcode.app/Contents/Developer/Toolchains/XcodeDefault.xctoolchain/usr/bin
PATH: /Applications/Xcode.app/Contents/Developer/Toolchains/XcodeDefault.xctoolchain/usr/appleinternal/bin
PATH: /Applications/Xcode.app/Contents/Developer/Toolchains/XcodeDefault.xctoolchain/usr/local/bin
PATH: /Applications/Xcode.app/Contents/Developer/Toolchains/XcodeDefault.xctoolchain/usr/libexec
PATH: /Applications/Xcode.app/Contents/Developer/Platforms/iPhoneOS.platform/usr/bin
PATH: /Applications/Xcode.app/Contents/Developer/Platforms/iPhoneOS.platform/usr/appleinternal/bin
PATH: /Applications/Xcode.app/Contents/Developer/Platforms/iPhoneOS.platform/usr/local/bin
PATH: /Applications/Xcode.app/Contents/Developer/Platforms/iPhoneOS.platform/Developer/usr/bin
PATH: /Applications/Xcode.app/Contents/Developer/Platforms/iPhoneOS.platform/Developer/usr/local/bin
PATH: /Applications/Xcode.app/Contents/Developer/usr/bin
PATH: /Applications/Xcode.app/Contents/Developer/usr/local/bin
PATH: /usr/local/bin
PATH: /usr/bin
PATH: /bin
PATH: /usr/sbin
PATH: /sbin


## ----------- ##
## Core tests. ##
## ----------- ##

configure:2706: checking for ICU version numbers
configure:2739: result: release 73.1, library 73.1, unicode version 15.0
configure:2778: checking build system type
configure:2792: result: x86_64-apple-darwin22.4.0
configure:2812: checking host system type
configure:2825: result: x86_64-apple-darwin22.4.0
configure:2883: checking whether to build debug libraries
configure:2895: result: yes
configure:2900: checking whether to build release libraries
configure:2912: result: yes
configure:2975: checking for clang
configure:2991: found /Applications/Xcode.app/Contents/Developer/Toolchains/XcodeDefault.xctoolchain/usr/bin/clang
configure:3002: result: clang
configure:3033: checking for C compiler version
configure:3042: clang --version >&5
Apple clang version 14.0.3 (clang-1403.0.22.14.1)
Target: x86_64-apple-darwin22.4.0
Thread model: posix
InstalledDir: /Applications/Xcode.app/Contents/Developer/Toolchains/XcodeDefault.xctoolchain/usr/bin
configure:3053: $? = 0
configure:3042: clang -v >&5
Apple clang version 14.0.3 (clang-1403.0.22.14.1)
Target: x86_64-apple-darwin22.4.0
Thread model: posix
InstalledDir: /Applications/Xcode.app/Contents/Developer/Toolchains/XcodeDefault.xctoolchain/usr/bin
configure:3053: $? = 0
configure:3042: clang -V >&5
clang: error: argument to '-V' is missing (expected 1 value)
clang: error: no input files
configure:3053: $? = 1
configure:3042: clang -qversion >&5
clang: error: unknown argument '-qversion'; did you mean '--version'?
clang: error: no input files
configure:3053: $? = 1
configure:3073: checking whether the C compiler works
configure:3095: clang -g -O0 -O2    conftest.c  >&5
clang: warning: using sysroot for 'MacOSX' but targeting 'iPhone' [-Wincompatible-sysroot]
ld: warning: ignoring file /Applications/Xcode.app/Contents/Developer/Toolchains/XcodeDefault.xctoolchain/usr/lib/clang/14.0.3/lib/darwin/libclang_rt.ios.a, file is universal (armv7,armv7s,arm64,arm64e) but does not contain the x86_64 architecture: /Applications/Xcode.app/Contents/Developer/Toolchains/XcodeDefault.xctoolchain/usr/lib/clang/14.0.3/lib/darwin/libclang_rt.ios.a
ld: warning: building for iOS, but linking in .tbd file (/Applications/Xcode.app/Contents/Developer/Platforms/MacOSX.platform/Developer/SDKs/MacOSX13.3.sdk/usr/lib/libSystem.tbd) built for macOS/Mac Catalyst
ld: building for iOS, but linking in object file built for iOS Simulator, file '/var/folders/rz/dt9150_94ylg03xr0s2l6vs80000gn/T/conftest-9ed31f.o' for architecture x86_64
clang: error: linker command failed with exit code 1 (use -v to see invocation)
configure:3099: $? = 1
configure:3137: result: no
configure: failed program was:
| /* confdefs.h */
| #define PACKAGE_NAME "ICU"
| #define PACKAGE_TARNAME "International Components for Unicode"
| #define PACKAGE_VERSION "73.1"
| #define PACKAGE_STRING "ICU 73.1"
| #define PACKAGE_BUGREPORT "http://icu-project.org/bugs"
| #define PACKAGE_URL "http://icu-project.org"
| /* end confdefs.h.  */
| 
| int
| main ()
| {
| 
|   ;
|   return 0;
| }
configure:3142: error: in `/Users/matthewbenedict/Documents/git/CyberKit/Source/WTF':
configure:3144: error: C compiler cannot create executables
See `config.log' for more details

## ---------------- ##
## Cache variables. ##
## ---------------- ##

ac_cv_build=x86_64-apple-darwin22.4.0
ac_cv_env_CCC_set=
ac_cv_env_CCC_value=
ac_cv_env_CC_set=
ac_cv_env_CC_value=
ac_cv_env_CFLAGS_set=set
ac_cv_env_CFLAGS_value='-g -O0 -O2 '
ac_cv_env_CPPFLAGS_set=
ac_cv_env_CPPFLAGS_value=
ac_cv_env_CPP_set=
ac_cv_env_CPP_value=
ac_cv_env_CXXFLAGS_set=set
ac_cv_env_CXXFLAGS_value='-g -O0 -O2 '
ac_cv_env_CXX_set=
ac_cv_env_CXX_value=
ac_cv_env_ICULEHB_CFLAGS_set=
ac_cv_env_ICULEHB_CFLAGS_value=
ac_cv_env_ICULEHB_LIBS_set=
ac_cv_env_ICULEHB_LIBS_value=
ac_cv_env_LDFLAGS_set=
ac_cv_env_LDFLAGS_value=
ac_cv_env_LIBS_set=
ac_cv_env_LIBS_value=
ac_cv_env_PKG_CONFIG_LIBDIR_set=
ac_cv_env_PKG_CONFIG_LIBDIR_value=
ac_cv_env_PKG_CONFIG_PATH_set=
ac_cv_env_PKG_CONFIG_PATH_value=
ac_cv_env_PKG_CONFIG_set=
ac_cv_env_PKG_CONFIG_value=
ac_cv_env_build_alias_set=
ac_cv_env_build_alias_value=
ac_cv_env_host_alias_set=
ac_cv_env_host_alias_value=
ac_cv_env_target_alias_set=
ac_cv_env_target_alias_value=
ac_cv_host=x86_64-apple-darwin22.4.0
ac_cv_prog_ac_ct_CC=clang

## ----------------- ##
## Output variables. ##
## ----------------- ##

AR=''
ARFLAGS=''
CC='clang'
CFLAGS='-g -O0 -O2 '
COMPILE_LINK_ENVVAR=''
CPP=''
CPPFLAGS=''
CXX=''
CXXFLAGS='-g -O0 -O2 '
DATA_PACKAGING_MODE=''
DATA_TRUE=''
DEFS=''
DOXYGEN=''
ECHO_C='\c'
ECHO_N=''
ECHO_T=''
EGREP=''
ENABLE_DEBUG='1'
ENABLE_RELEASE='1'
ENABLE_RPATH=''
ENABLE_SHARED=''
ENABLE_STATIC=''
EXEEXT=''
EXTRAS_TRUE=''
FUZZER_TRUE=''
GENCCODE_ASSEMBLY=''
GREP=''
HAVE_MMAP=''
ICUDATA_CHAR=''
ICUIO_TRUE=''
ICULEHB_CFLAGS=''
ICULEHB_LIBS=''
ICULIBSUFFIX=''
ICULIBSUFFIXCNAME=''
ICU_ECHO_C='\c'
ICU_ECHO_N=''
ICU_ECHO_T=''
INSTALL_DATA=''
INSTALL_ICU_CONFIG='true'
INSTALL_PROGRAM=''
INSTALL_SCRIPT=''
LAYOUTEX_TRUE=''
LDFLAGS=''
LIBCFLAGS=''
LIBCXXFLAGS=''
LIBOBJS=''
LIBS=''
LIB_M=''
LIB_THREAD=''
LIB_VERSION='73.1'
LIB_VERSION_MAJOR='73'
LTLIBOBJS=''
OBJEXT=''
PACKAGE='icu'
PACKAGE_BUGREPORT='http://icu-project.org/bugs'
PACKAGE_NAME='ICU'
PACKAGE_STRING='ICU 73.1'
PACKAGE_TARNAME='International Components for Unicode'
PACKAGE_URL='http://icu-project.org'
PACKAGE_VERSION='73.1'
PATH_SEPARATOR=':'
PKG_CONFIG=''
PKG_CONFIG_LIBDIR=''
PKG_CONFIG_PATH=''
PLUGINS_TRUE=''
PYTHON=''
RANLIB=''
SAMPLES_TRUE=''
SED='/usr/bin/sed'
SHELL='/bin/sh'
TESTS_TRUE=''
TOOLS_TRUE=''
UCLN_NO_AUTO_CLEANUP=''
UCONFIG_CFLAGS=''
UCONFIG_CPPFLAGS=''
UCONFIG_CXXFLAGS=''
UNICODE_VERSION='15.0'
U_DEFAULT_SHOW_DRAFT=''
U_DISABLE_RENAMING=''
U_ENABLE_DYLOAD=''
U_ENABLE_TRACING=''
U_HAVE_DATA=''
U_HAVE_DIRENT_H=''
U_HAVE_EXTRAS=''
U_HAVE_FUZZER=''
U_HAVE_ICUIO=''
U_HAVE_INTTYPES_H=''
U_HAVE_LAYOUTEX=''
U_HAVE_LIB_SUFFIX=''
U_HAVE_NL_LANGINFO_CODESET=''
U_HAVE_PLACEMENT_NEW=''
U_HAVE_PLUGINS=''
U_HAVE_POPEN=''
U_HAVE_SAMPLES=''
U_HAVE_STRTOD_L=''
U_HAVE_TESTS=''
U_HAVE_TIMEZONE=''
U_HAVE_TOOLS=''
U_HAVE_TZNAME=''
U_HAVE_TZSET=''
U_HAVE_WCHAR_H=''
U_HAVE_WCSCPY=''
U_IS_BIG_ENDIAN=''
U_MAKE=''
U_NL_LANGINFO_CODESET=''
U_OVERRIDE_CXX_ALLOCATION=''
U_TIMEZONE=''
U_TZNAME=''
U_TZSET=''
VERSION='73.1'
ac_ct_CC='clang'
ac_ct_CXX=''
bindir='${exec_prefix}/bin'
build='x86_64-apple-darwin22.4.0'
build_alias=''
build_cpu='x86_64'
build_os='darwin22.4.0'
build_vendor='apple'
cross_buildroot=''
cross_compiling='no'
datadir='${datarootdir}'
datarootdir='${prefix}/share'
docdir='${datarootdir}/doc/${PACKAGE_TARNAME}'
dvidir='${docdir}'
exec_prefix='NONE'
host='x86_64-apple-darwin22.4.0'
host_alias=''
host_cpu='x86_64'
host_os='darwin22.4.0'
host_vendor='apple'
htmldir='${docdir}'
includedir='${prefix}/include'
infodir='${datarootdir}/info'
libdir='${exec_prefix}/lib'
libexecdir='${exec_prefix}/libexec'
localedir='${datarootdir}/locale'
localstatedir='${prefix}/var'
mandir='${datarootdir}/man'
oldincludedir='/usr/include'
pdfdir='${docdir}'
pkgicudatadir=''
platform=''
platform_make_fragment=''
platform_make_fragment_name=''
prefix='NONE'
program_transform_name='s,x,x,'
psdir='${docdir}'
runstatedir='${localstatedir}/run'
sbindir='${exec_prefix}/sbin'
sharedstatedir='${prefix}/com'
sysconfdir='${prefix}/etc'
target_alias=''
thepkgicudatadir=''

## ----------- ##
## confdefs.h. ##
## ----------- ##

/* confdefs.h */
#define PACKAGE_NAME "ICU"
#define PACKAGE_TARNAME "International Components for Unicode"
#define PACKAGE_VERSION "73.1"
#define PACKAGE_STRING "ICU 73.1"
#define PACKAGE_BUGREPORT "http://icu-project.org/bugs"
#define PACKAGE_URL "http://icu-project.org"

configure: exit 77
